<?xml version="1.0" encoding="UTF-8" ?>
<testsuite 
errors="0" failures="0" hostname="dev-Qosmio-X70-A" name="dev.KDropSC_spec" tests="8" time="0.497" timestamp="2015-07-02T00:30:00">
  <properties>
    <property name="java.runtime.name" value="Java(TM) SE Runtime Environment">
    </property>
    <property 
    name="sun.boot.library.path" value="/usr/lib/jvm/java-8-oracle/jre/lib/amd64">
</property>
    <property name="java.vm.version" value="25.45-b02"> </property>
    <property name="java.vm.vendor" value="Oracle Corporation"> </property>
    <property name="java.vendor.url" value="http://java.oracle.com/">
    </property>
    <property name="path.separator" value=":"> </property>
    <property name="java.vm.name" value="Java HotSpot(TM) 64-Bit Server VM">
    </property>
    <property name="file.encoding.pkg" value="sun.io"> </property>
    <property name="user.country" value="US"> </property>
    <property name="sun.java.launcher" value="SUN_STANDARD"> </property>
    <property name="sun.os.patch.level" value="unknown"> </property>
    <property 
    name="java.vm.specification.name" value="Java Virtual Machine Specification">
</property>
    <property name="user.dir" value="/home/dev/IdeaProjects/jniopencl">
    </property>
    <property name="java.runtime.version" value="1.8.0_45-b14"> </property>
    <property 
    name="java.awt.graphicsenv" value="sun.awt.X11GraphicsEnvironment">
</property>
    <property name="basedir" value="/home/dev/IdeaProjects/jniopencl">
    </property>
    <property 
    name="java.endorsed.dirs" value="/usr/lib/jvm/java-8-oracle/jre/lib/endorsed">
</property>
    <property name="os.arch" value="amd64"> </property>
    <property name="java.io.tmpdir" value="/tmp"> </property>
    <property name="line.separator" value=" "> </property>
    <property name="java.vm.specification.vendor" value="Oracle Corporation">
    </property>
    <property name="os.name" value="Linux"> </property>
    <property name="sun.jnu.encoding" value="UTF-8"> </property>
    <property 
    name="java.library.path" value="Desktop/idea-IC-139.225.3/bin::/usr/java/packages/lib/amd64:/usr/lib64:/lib64:/lib:/usr/lib">
</property>
    <property 
    name="java.specification.name" value="Java Platform API Specification">
</property>
    <property name="java.class.version" value="52.0"> </property>
    <property 
    name="sun.management.compiler" value="HotSpot 64-Bit Tiered Compilers">
</property>
    <property name="os.version" value="3.13.0-51-generic"> </property>
    <property name="user.home" value="/home/dev"> </property>
    <property name="user.timezone" value="America/Los_Angeles"> </property>
    <property name="java.awt.printerjob" value="sun.print.PSPrinterJob">
    </property>
    <property name="file.encoding" value="UTF-8"> </property>
    <property name="java.specification.version" value="1.8"> </property>
    <property name="user.name" value="dev"> </property>
    <property 
    name="java.class.path" value="/home/dev/IdeaProjects/jniopencl/target/test-classes:/home/dev/IdeaProjects/jniopencl/target/classes:/home/dev/.m2/repository/org/scala-lang/scala-library/2.11.6/scala-library-2.11.6.jar:/home/dev/.m2/repository/org/scalatest/scalatest_2.11/3.0.0-SNAP4/scalatest_2.11-3.0.0-SNAP4.jar:/home/dev/.m2/repository/org/scala-lang/scala-reflect/2.11.4/scala-reflect-2.11.4.jar:/home/dev/.m2/repository/org/scala-lang/modules/scala-xml_2.11/1.0.2/scala-xml_2.11-1.0.2.jar:/home/dev/.m2/repository/org/json/json/20141113/json-20141113.jar:/home/dev/.m2/repository/junit/junit/3.8.1/junit-3.8.1.jar:/home/dev/.m2/repository/org/jocl/jocl/0.1.9/jocl-0.1.9.jar:/home/dev/.m2/repository/org/nd4j/jcuda/5.5/jcuda-5.5.jar:/home/dev/.m2/repository/org/nd4j/jcurand/5.5/jcurand-5.5.jar">
</property>
    <property name="java.vm.specification.version" value="1.8"> </property>
    <property name="sun.arch.data.model" value="64"> </property>
    <property name="java.home" value="/usr/lib/jvm/java-8-oracle/jre">
    </property>
    <property 
    name="sun.java.command" value="org.scalatest.tools.Runner -R /home/dev/IdeaProjects/jniopencl/target/classes /home/dev/IdeaProjects/jniopencl/target/test-classes -o -fWDF /home/dev/IdeaProjects/jniopencl/target/surefire-reports/TestSuite.txt -u /home/dev/IdeaProjects/jniopencl/target/surefire-reports/.">
</property>
    <property name="java.specification.vendor" value="Oracle Corporation">
    </property>
    <property name="user.language" value="en"> </property>
    <property name="awt.toolkit" value="sun.awt.X11.XToolkit"> </property>
    <property name="java.vm.info" value="mixed mode"> </property>
    <property name="java.version" value="1.8.0_45"> </property>
    <property 
    name="java.ext.dirs" value="/usr/lib/jvm/java-8-oracle/jre/lib/ext:/usr/java/packages/lib/ext">
</property>
    <property 
    name="sun.boot.class.path" value="/usr/lib/jvm/java-8-oracle/jre/lib/resources.jar:/usr/lib/jvm/java-8-oracle/jre/lib/rt.jar:/usr/lib/jvm/java-8-oracle/jre/lib/sunrsasign.jar:/usr/lib/jvm/java-8-oracle/jre/lib/jsse.jar:/usr/lib/jvm/java-8-oracle/jre/lib/jce.jar:/usr/lib/jvm/java-8-oracle/jre/lib/charsets.jar:/usr/lib/jvm/java-8-oracle/jre/lib/jfr.jar:/usr/lib/jvm/java-8-oracle/jre/classes">
</property>
    <property name="java.vendor" value="Oracle Corporation"> </property>
    <property name="file.separator" value="/"> </property>
    <property 
    name="java.vendor.url.bug" value="http://bugreport.sun.com/bugreport/">
</property>
    <property name="sun.cpu.endian" value="little"> </property>
    <property name="sun.io.unicode.encoding" value="UnicodeLittle"> </property>
    <property name="sun.desktop" value="gnome"> </property>
    <property name="sun.cpu.isalist" value=""> </property>
  </properties>
  <testcase 
  name="readKernels should read my config file" classname="dev.KDropSC_spec" time="0.021">
</testcase>
  <testcase 
  name="readKernels should get platform and devices" classname="dev.KDropSC_spec" time="0.0">
    <skipped/>
</testcase>
  <testcase 
  name="readKernels should JCudaVectorAddKernel" classname="dev.KDropSC_spec" time="0.072">
</testcase>
  <testcase 
  name="readKernels should JCudaMatrixSharedMemKernel" classname="dev.KDropSC_spec" time="0.026">
</testcase>
  <testcase 
  name="readKernels should TestBlockSync" classname="dev.KDropSC_spec" time="0.018">
</testcase>
  <testcase 
  name="readKernels should PreSum" classname="dev.KDropSC_spec" time="0.056">
</testcase>
  <testcase 
  name="readKernels should Neural Net" classname="dev.KDropSC_spec" time="0.153">
</testcase>
  <testcase 
  name="readKernels should RunNNSimple" classname="dev.KDropSC_spec" time="0.135">
</testcase>
  <system-out><![CDATA[]]></system-out>
  <system-err><![CDATA[]]></system-err>
</testsuite>
